{"/Users/pallavsoni/CMU/SEM-IR-App-Template-2023/server/src/app.ts": {"path":"/Users/pallavsoni/CMU/SEM-IR-App-Template-2023/server/src/app.ts","statementMap":{"0":{"start":{"line":1,"column":0},"end":{"line":1,"column":23}},"1":{"start":{"line":2,"column":0},"end":{"line":2,"column":29}},"2":{"start":{"line":3,"column":0},"end":{"line":3,"column":36}},"3":{"start":{"line":5,"column":0},"end":{"line":5,"column":30}},"4":{"start":{"line":7,"column":0},"end":{"line":21,"column":null}}},"fnMap":{},"branchMap":{},"s":{"0":3,"1":3,"2":3,"3":3,"4":3},"f":{},"b":{}}
,"/Users/pallavsoni/CMU/SEM-IR-App-Template-2023/server/src/controllers/ChannelController.ts": {"path":"/Users/pallavsoni/CMU/SEM-IR-App-Template-2023/server/src/controllers/ChannelController.ts","statementMap":{"0":{"start":{"line":3,"column":0},"end":{"line":3,"column":74}},"1":{"start":{"line":4,"column":0},"end":{"line":4,"column":33}},"2":{"start":{"line":5,"column":0},"end":{"line":5,"column":39}},"3":{"start":{"line":6,"column":0},"end":{"line":6,"column":54}},"4":{"start":{"line":9,"column":2},"end":{"line":36,"column":null}},"5":{"start":{"line":9,"column":75},"end":{"line":36,"column":null}},"6":{"start":{"line":10,"column":4},"end":{"line":12,"column":null}},"7":{"start":{"line":11,"column":6},"end":{"line":11,"column":null}},"8":{"start":{"line":15,"column":20},"end":{"line":16,"column":null}},"9":{"start":{"line":16,"column":6},"end":{"line":16,"column":52}},"10":{"start":{"line":18,"column":18},"end":{"line":19,"column":null}},"11":{"start":{"line":19,"column":29},"end":{"line":19,"column":64}},"12":{"start":{"line":19,"column":30},"end":{"line":19,"column":64}},"13":{"start":{"line":21,"column":19},"end":{"line":26,"column":13}},"14":{"start":{"line":28,"column":4},"end":{"line":35,"column":null}},"15":{"start":{"line":29,"column":6},"end":{"line":29,"column":null}},"16":{"start":{"line":31,"column":6},"end":{"line":34,"column":null}},"17":{"start":{"line":45,"column":2},"end":{"line":64,"column":null}},"18":{"start":{"line":45,"column":44},"end":{"line":64,"column":null}},"19":{"start":{"line":46,"column":39},"end":{"line":46,"column":41}},"20":{"start":{"line":48,"column":4},"end":{"line":56,"column":null}},"21":{"start":{"line":49,"column":19},"end":{"line":49,"column":54}},"22":{"start":{"line":51,"column":6},"end":{"line":55,"column":null}},"23":{"start":{"line":52,"column":8},"end":{"line":54,"column":null}},"24":{"start":{"line":58,"column":4},"end":{"line":63,"column":null}},"25":{"start":{"line":66,"column":2},"end":{"line":66,"column":null}},"26":{"start":{"line":66,"column":37},"end":{"line":66,"column":null}},"27":{"start":{"line":66,"column":38},"end":{"line":66,"column":null}},"28":{"start":{"line":74,"column":2},"end":{"line":115,"column":null}},"29":{"start":{"line":82,"column":7},"end":{"line":115,"column":null}},"30":{"start":{"line":83,"column":19},"end":{"line":83,"column":55}},"31":{"start":{"line":84,"column":4},"end":{"line":86,"column":null}},"32":{"start":{"line":85,"column":6},"end":{"line":85,"column":null}},"33":{"start":{"line":88,"column":20},"end":{"line":88,"column":60}},"34":{"start":{"line":89,"column":4},"end":{"line":91,"column":null}},"35":{"start":{"line":90,"column":6},"end":{"line":90,"column":null}},"36":{"start":{"line":93,"column":20},"end":{"line":97,"column":13}},"37":{"start":{"line":99,"column":4},"end":{"line":99,"column":null}},"38":{"start":{"line":100,"column":4},"end":{"line":100,"column":null}},"39":{"start":{"line":103,"column":4},"end":{"line":112,"column":null}},"40":{"start":{"line":104,"column":6},"end":{"line":104,"column":43}},"41":{"start":{"line":104,"column":37},"end":{"line":104,"column":43}},"42":{"start":{"line":106,"column":17},"end":{"line":106,"column":39}},"43":{"start":{"line":107,"column":6},"end":{"line":107,"column":54}},"44":{"start":{"line":107,"column":48},"end":{"line":107,"column":54}},"45":{"start":{"line":109,"column":25},"end":{"line":109,"column":63}},"46":{"start":{"line":111,"column":6},"end":{"line":111,"column":null}},"47":{"start":{"line":114,"column":4},"end":{"line":114,"column":null}},"48":{"start":{"line":117,"column":2},"end":{"line":120,"column":null}},"49":{"start":{"line":117,"column":27},"end":{"line":120,"column":null}},"50":{"start":{"line":119,"column":4},"end":{"line":119,"column":null}},"51":{"start":{"line":123,"column":0},"end":{"line":123,"column":null}}},"fnMap":{"0":{"name":"(anonymous_0)","decl":{"start":{"line":8,"column":0},"end":{"line":8,"column":6}},"loc":{"start":{"line":8,"column":0},"end":{"line":121,"column":1}}},"1":{"name":"(anonymous_1)","decl":{"start":{"line":9,"column":11},"end":{"line":9,"column":18}},"loc":{"start":{"line":9,"column":75},"end":{"line":36,"column":null}}},"2":{"name":"(anonymous_2)","decl":{"start":{"line":9,"column":75},"end":{"line":9,"column":null}},"loc":{"start":{"line":9,"column":75},"end":{"line":36,"column":3}}},"3":{"name":"(anonymous_3)","decl":{"start":{"line":15,"column":62},"end":{"line":15,"column":63}},"loc":{"start":{"line":16,"column":6},"end":{"line":16,"column":52}}},"4":{"name":"(anonymous_4)","decl":{"start":{"line":19,"column":18},"end":{"line":19,"column":24}},"loc":{"start":{"line":19,"column":29},"end":{"line":19,"column":64}}},"5":{"name":"(anonymous_5)","decl":{"start":{"line":19,"column":29},"end":{"line":19,"column":30}},"loc":{"start":{"line":19,"column":29},"end":{"line":19,"column":64}}},"6":{"name":"(anonymous_6)","decl":{"start":{"line":45,"column":9},"end":{"line":45,"column":16}},"loc":{"start":{"line":45,"column":44},"end":{"line":64,"column":null}}},"7":{"name":"(anonymous_7)","decl":{"start":{"line":45,"column":44},"end":{"line":45,"column":null}},"loc":{"start":{"line":45,"column":44},"end":{"line":64,"column":3}}},"8":{"name":"(anonymous_8)","decl":{"start":{"line":66,"column":8},"end":{"line":66,"column":15}},"loc":{"start":{"line":66,"column":37},"end":{"line":66,"column":null}}},"9":{"name":"(anonymous_9)","decl":{"start":{"line":66,"column":37},"end":{"line":66,"column":38}},"loc":{"start":{"line":66,"column":37},"end":{"line":66,"column":null}}},"10":{"name":"(anonymous_10)","decl":{"start":{"line":74,"column":18},"end":{"line":74,"column":25}},"loc":{"start":{"line":82,"column":7},"end":{"line":115,"column":null}}},"11":{"name":"(anonymous_11)","decl":{"start":{"line":82,"column":7},"end":{"line":82,"column":null}},"loc":{"start":{"line":82,"column":7},"end":{"line":115,"column":3}}},"12":{"name":"(anonymous_12)","decl":{"start":{"line":103,"column":26},"end":{"line":103,"column":30}},"loc":{"start":{"line":103,"column":33},"end":{"line":112,"column":5}}},"13":{"name":"(anonymous_13)","decl":{"start":{"line":117,"column":16},"end":{"line":117,"column":25}},"loc":{"start":{"line":117,"column":27},"end":{"line":120,"column":null}}},"14":{"name":"(anonymous_14)","decl":{"start":{"line":117,"column":27},"end":{"line":117,"column":null}},"loc":{"start":{"line":117,"column":27},"end":{"line":120,"column":3}}}},"branchMap":{"0":{"loc":{"start":{"line":10,"column":4},"end":{"line":12,"column":null}},"type":"if","locations":[{"start":{"line":10,"column":4},"end":{"line":12,"column":null}},{"start":{"line":10,"column":4},"end":{"line":12,"column":null}}]},"1":{"loc":{"start":{"line":28,"column":4},"end":{"line":35,"column":null}},"type":"if","locations":[{"start":{"line":28,"column":4},"end":{"line":35,"column":null}},{"start":{"line":28,"column":4},"end":{"line":35,"column":null}}]},"2":{"loc":{"start":{"line":48,"column":4},"end":{"line":56,"column":null}},"type":"if","locations":[{"start":{"line":48,"column":4},"end":{"line":56,"column":null}},{"start":{"line":48,"column":4},"end":{"line":56,"column":null}}]},"3":{"loc":{"start":{"line":51,"column":6},"end":{"line":55,"column":null}},"type":"if","locations":[{"start":{"line":51,"column":6},"end":{"line":55,"column":null}},{"start":{"line":51,"column":6},"end":{"line":55,"column":null}}]},"4":{"loc":{"start":{"line":84,"column":4},"end":{"line":86,"column":null}},"type":"if","locations":[{"start":{"line":84,"column":4},"end":{"line":86,"column":null}},{"start":{"line":84,"column":4},"end":{"line":86,"column":null}}]},"5":{"loc":{"start":{"line":89,"column":4},"end":{"line":91,"column":null}},"type":"if","locations":[{"start":{"line":89,"column":4},"end":{"line":91,"column":null}},{"start":{"line":89,"column":4},"end":{"line":91,"column":null}}]},"6":{"loc":{"start":{"line":104,"column":6},"end":{"line":104,"column":43}},"type":"if","locations":[{"start":{"line":104,"column":6},"end":{"line":104,"column":43}},{"start":{"line":104,"column":6},"end":{"line":104,"column":43}}]},"7":{"loc":{"start":{"line":107,"column":6},"end":{"line":107,"column":54}},"type":"if","locations":[{"start":{"line":107,"column":6},"end":{"line":107,"column":54}},{"start":{"line":107,"column":6},"end":{"line":107,"column":54}}]}},"s":{"0":4,"1":4,"2":4,"3":4,"4":4,"5":6,"6":6,"7":2,"8":4,"9":4,"10":4,"11":8,"12":8,"13":4,"14":4,"15":2,"16":2,"17":4,"18":4,"19":4,"20":4,"21":2,"22":2,"23":2,"24":4,"25":4,"26":2,"27":2,"28":4,"29":2,"30":2,"31":2,"32":0,"33":2,"34":2,"35":0,"36":2,"37":2,"38":2,"39":2,"40":5,"41":2,"42":3,"43":3,"44":2,"45":1,"46":1,"47":2,"48":4,"49":0,"50":0,"51":4},"f":{"0":4,"1":6,"2":6,"3":4,"4":8,"5":8,"6":4,"7":4,"8":2,"9":2,"10":2,"11":2,"12":5,"13":0,"14":0},"b":{"0":[2,4],"1":[2,2],"2":[2,2],"3":[2,0],"4":[0,2],"5":[0,2],"6":[2,3],"7":[2,1]}}
,"/Users/pallavsoni/CMU/SEM-IR-App-Template-2023/server/src/controllers/UserController.ts": {"path":"/Users/pallavsoni/CMU/SEM-IR-App-Template-2023/server/src/controllers/UserController.ts","statementMap":{"0":{"start":{"line":1,"column":0},"end":{"line":1,"column":39}},"1":{"start":{"line":2,"column":0},"end":{"line":2,"column":44}},"2":{"start":{"line":3,"column":0},"end":{"line":3,"column":34}},"3":{"start":{"line":4,"column":0},"end":{"line":4,"column":39}},"4":{"start":{"line":5,"column":0},"end":{"line":5,"column":54}},"5":{"start":{"line":9,"column":15},"end":{"line":9,"column":54}},"6":{"start":{"line":11,"column":4},"end":{"line":25,"column":null}},"7":{"start":{"line":12,"column":6},"end":{"line":12,"column":null}},"8":{"start":{"line":14,"column":6},"end":{"line":18,"column":null}},"9":{"start":{"line":21,"column":28},"end":{"line":21,"column":60}},"10":{"start":{"line":23,"column":6},"end":{"line":23,"column":null}},"11":{"start":{"line":24,"column":6},"end":{"line":24,"column":null}},"12":{"start":{"line":28,"column":4},"end":{"line":28,"column":null}},"13":{"start":{"line":32,"column":17},"end":{"line":35,"column":13}},"14":{"start":{"line":37,"column":4},"end":{"line":47,"column":null}},"15":{"start":{"line":38,"column":22},"end":{"line":38,"column":58}},"16":{"start":{"line":40,"column":6},"end":{"line":46,"column":null}},"17":{"start":{"line":41,"column":8},"end":{"line":45,"column":null}},"18":{"start":{"line":49,"column":4},"end":{"line":49,"column":null}},"19":{"start":{"line":56,"column":18},"end":{"line":56,"column":42}},"20":{"start":{"line":58,"column":4},"end":{"line":61,"column":null}},"21":{"start":{"line":58,"column":29},"end":{"line":60,"column":null}},"22":{"start":{"line":65,"column":0},"end":{"line":65,"column":null}}},"fnMap":{"0":{"name":"(anonymous_0)","decl":{"start":{"line":8,"column":8},"end":{"line":8,"column":16}},"loc":{"start":{"line":8,"column":73},"end":{"line":29,"column":null}}},"1":{"name":"(anonymous_2)","decl":{"start":{"line":31,"column":8},"end":{"line":31,"column":13}},"loc":{"start":{"line":31,"column":48},"end":{"line":50,"column":null}}},"2":{"name":"(anonymous_4)","decl":{"start":{"line":55,"column":8},"end":{"line":55,"column":17}},"loc":{"start":{"line":55,"column":17},"end":{"line":62,"column":null}}},"3":{"name":"(anonymous_6)","decl":{"start":{"line":58,"column":21},"end":{"line":58,"column":25}},"loc":{"start":{"line":58,"column":29},"end":{"line":60,"column":null}}}},"branchMap":{"0":{"loc":{"start":{"line":8,"column":60},"end":{"line":8,"column":73}},"type":"default-arg","locations":[{"start":{"line":8,"column":60},"end":{"line":8,"column":73}}]},"1":{"loc":{"start":{"line":11,"column":4},"end":{"line":25,"column":null}},"type":"if","locations":[{"start":{"line":11,"column":4},"end":{"line":25,"column":null}},{"start":{"line":11,"column":4},"end":{"line":25,"column":null}}]},"2":{"loc":{"start":{"line":37,"column":4},"end":{"line":47,"column":null}},"type":"if","locations":[{"start":{"line":37,"column":4},"end":{"line":47,"column":null}},{"start":{"line":37,"column":4},"end":{"line":47,"column":null}}]},"3":{"loc":{"start":{"line":40,"column":6},"end":{"line":46,"column":null}},"type":"if","locations":[{"start":{"line":40,"column":6},"end":{"line":46,"column":null}},{"start":{"line":40,"column":6},"end":{"line":46,"column":null}}]}},"s":{"0":5,"1":5,"2":5,"3":5,"4":5,"5":12,"6":12,"7":2,"8":10,"9":10,"10":10,"11":10,"12":10,"13":6,"14":6,"15":4,"16":4,"17":2,"18":4,"19":4,"20":4,"21":6,"22":5},"f":{"0":12,"1":6,"2":4,"3":6},"b":{"0":[8],"1":[2,10],"2":[4,2],"3":[2,2]}}
,"/Users/pallavsoni/CMU/SEM-IR-App-Template-2023/server/src/models/Channel.ts": {"path":"/Users/pallavsoni/CMU/SEM-IR-App-Template-2023/server/src/models/Channel.ts","statementMap":{"0":{"start":{"line":6,"column":0},"end":{"line":6,"column":60}},"1":{"start":{"line":7,"column":0},"end":{"line":7,"column":48}},"2":{"start":{"line":12,"column":13},"end":{"line":12,"column":null}},"3":{"start":{"line":24,"column":22},"end":{"line":44,"column":2}},"4":{"start":{"line":46,"column":0},"end":{"line":46,"column":null}},"5":{"start":{"line":48,"column":0},"end":{"line":56,"column":null}},"6":{"start":{"line":48,"column":52},"end":{"line":56,"column":null}},"7":{"start":{"line":49,"column":18},"end":{"line":49,"column":77}},"8":{"start":{"line":51,"column":2},"end":{"line":55,"column":null}},"9":{"start":{"line":52,"column":4},"end":{"line":52,"column":null}},"10":{"start":{"line":54,"column":4},"end":{"line":54,"column":null}},"11":{"start":{"line":58,"column":16},"end":{"line":60,"column":null}},"12":{"start":{"line":63,"column":0},"end":{"line":63,"column":null}}},"fnMap":{"0":{"name":"(anonymous_0)","decl":{"start":{"line":48,"column":41},"end":{"line":48,"column":50}},"loc":{"start":{"line":48,"column":52},"end":{"line":56,"column":null}}},"1":{"name":"(anonymous_1)","decl":{"start":{"line":48,"column":52},"end":{"line":48,"column":null}},"loc":{"start":{"line":48,"column":52},"end":{"line":56,"column":1}}}},"branchMap":{"0":{"loc":{"start":{"line":51,"column":2},"end":{"line":55,"column":null}},"type":"if","locations":[{"start":{"line":51,"column":2},"end":{"line":55,"column":null}},{"start":{"line":51,"column":2},"end":{"line":55,"column":null}}]}},"s":{"0":8,"1":8,"2":8,"3":8,"4":8,"5":8,"6":15,"7":15,"8":15,"9":9,"10":6,"11":8,"12":8},"f":{"0":15,"1":15},"b":{"0":[9,6]}}
,"/Users/pallavsoni/CMU/SEM-IR-App-Template-2023/server/src/models/Message.ts": {"path":"/Users/pallavsoni/CMU/SEM-IR-App-Template-2023/server/src/models/Message.ts","statementMap":{"0":{"start":{"line":1,"column":0},"end":{"line":1,"column":60}},"1":{"start":{"line":2,"column":0},"end":{"line":2,"column":48}},"2":{"start":{"line":13,"column":22},"end":{"line":36,"column":null}},"3":{"start":{"line":39,"column":0},"end":{"line":39,"column":null}},"4":{"start":{"line":41,"column":0},"end":{"line":41,"column":null}}},"fnMap":{},"branchMap":{},"s":{"0":8,"1":8,"2":8,"3":8,"4":8},"f":{},"b":{}}
,"/Users/pallavsoni/CMU/SEM-IR-App-Template-2023/server/src/models/User.ts": {"path":"/Users/pallavsoni/CMU/SEM-IR-App-Template-2023/server/src/models/User.ts","statementMap":{"0":{"start":{"line":1,"column":0},"end":{"line":1,"column":53}},"1":{"start":{"line":2,"column":0},"end":{"line":2,"column":27}},"2":{"start":{"line":4,"column":0},"end":{"line":4,"column":34}},"3":{"start":{"line":6,"column":25},"end":{"line":6,"column":27}},"4":{"start":{"line":9,"column":0},"end":{"line":9,"column":null}},"5":{"start":{"line":19,"column":19},"end":{"line":32,"column":2}},"6":{"start":{"line":35,"column":0},"end":{"line":55,"column":null}},"7":{"start":{"line":36,"column":15},"end":{"line":36,"column":28}},"8":{"start":{"line":39,"column":2},"end":{"line":39,"column":null}},"9":{"start":{"line":39,"column":36},"end":{"line":39,"column":null}},"10":{"start":{"line":42,"column":2},"end":{"line":54,"column":null}},"11":{"start":{"line":43,"column":4},"end":{"line":43,"column":null}},"12":{"start":{"line":43,"column":13},"end":{"line":43,"column":null}},"13":{"start":{"line":46,"column":4},"end":{"line":53,"column":null}},"14":{"start":{"line":47,"column":6},"end":{"line":47,"column":null}},"15":{"start":{"line":47,"column":15},"end":{"line":47,"column":null}},"16":{"start":{"line":50,"column":6},"end":{"line":50,"column":null}},"17":{"start":{"line":52,"column":6},"end":{"line":52,"column":null}},"18":{"start":{"line":57,"column":0},"end":{"line":67,"column":null}},"19":{"start":{"line":58,"column":2},"end":{"line":66,"column":null}},"20":{"start":{"line":59,"column":4},"end":{"line":65,"column":null}},"21":{"start":{"line":60,"column":6},"end":{"line":64,"column":null}},"22":{"start":{"line":61,"column":8},"end":{"line":61,"column":null}},"23":{"start":{"line":63,"column":8},"end":{"line":63,"column":null}},"24":{"start":{"line":69,"column":0},"end":{"line":69,"column":null}}},"fnMap":{"0":{"name":"(anonymous_0)","decl":{"start":{"line":35,"column":23},"end":{"line":35,"column":32}},"loc":{"start":{"line":35,"column":36},"end":{"line":55,"column":1}}},"1":{"name":"(anonymous_1)","decl":{"start":{"line":42,"column":35},"end":{"line":42,"column":36}},"loc":{"start":{"line":42,"column":49},"end":{"line":54,"column":3}}},"2":{"name":"(anonymous_2)","decl":{"start":{"line":46,"column":37},"end":{"line":46,"column":38}},"loc":{"start":{"line":46,"column":51},"end":{"line":53,"column":5}}},"3":{"name":"(anonymous_3)","decl":{"start":{"line":57,"column":37},"end":{"line":57,"column":46}},"loc":{"start":{"line":57,"column":63},"end":{"line":67,"column":1}}},"4":{"name":"(anonymous_4)","decl":{"start":{"line":58,"column":21},"end":{"line":58,"column":22}},"loc":{"start":{"line":58,"column":41},"end":{"line":66,"column":3}}},"5":{"name":"(anonymous_5)","decl":{"start":{"line":59,"column":54},"end":{"line":59,"column":55}},"loc":{"start":{"line":59,"column":73},"end":{"line":65,"column":5}}}},"branchMap":{"0":{"loc":{"start":{"line":39,"column":2},"end":{"line":39,"column":null}},"type":"if","locations":[{"start":{"line":39,"column":2},"end":{"line":39,"column":null}},{"start":{"line":39,"column":2},"end":{"line":39,"column":null}}]},"1":{"loc":{"start":{"line":43,"column":4},"end":{"line":43,"column":null}},"type":"if","locations":[{"start":{"line":43,"column":4},"end":{"line":43,"column":null}},{"start":{"line":43,"column":4},"end":{"line":43,"column":null}}]},"2":{"loc":{"start":{"line":47,"column":6},"end":{"line":47,"column":null}},"type":"if","locations":[{"start":{"line":47,"column":6},"end":{"line":47,"column":null}},{"start":{"line":47,"column":6},"end":{"line":47,"column":null}}]},"3":{"loc":{"start":{"line":60,"column":6},"end":{"line":64,"column":null}},"type":"if","locations":[{"start":{"line":60,"column":6},"end":{"line":64,"column":null}},{"start":{"line":60,"column":6},"end":{"line":64,"column":null}}]}},"s":{"0":8,"1":8,"2":8,"3":8,"4":8,"5":8,"6":8,"7":12,"8":12,"9":0,"10":12,"11":12,"12":0,"13":12,"14":12,"15":0,"16":12,"17":12,"18":8,"19":6,"20":6,"21":6,"22":0,"23":6,"24":8},"f":{"0":12,"1":12,"2":12,"3":6,"4":6,"5":6},"b":{"0":[0,12],"1":[0,12],"2":[0,12],"3":[0,6]}}
,"/Users/pallavsoni/CMU/SEM-IR-App-Template-2023/server/src/routers/channel.ts": {"path":"/Users/pallavsoni/CMU/SEM-IR-App-Template-2023/server/src/routers/channel.ts","statementMap":{"0":{"start":{"line":1,"column":0},"end":{"line":1,"column":32}},"1":{"start":{"line":2,"column":0},"end":{"line":2,"column":32}},"2":{"start":{"line":4,"column":0},"end":{"line":4,"column":64}},"3":{"start":{"line":5,"column":0},"end":{"line":5,"column":39}},"4":{"start":{"line":7,"column":0},"end":{"line":85,"column":null}},"5":{"start":{"line":11,"column":41},"end":{"line":26,"column":4}},"6":{"start":{"line":12,"column":28},"end":{"line":12,"column":null}},"7":{"start":{"line":16,"column":4},"end":{"line":25,"column":null}},"8":{"start":{"line":17,"column":22},"end":{"line":20,"column":8}},"9":{"start":{"line":19,"column":37},"end":{"line":19,"column":59}},"10":{"start":{"line":22,"column":6},"end":{"line":22,"column":null}},"11":{"start":{"line":24,"column":6},"end":{"line":24,"column":null}},"12":{"start":{"line":30,"column":40},"end":{"line":37,"column":4}},"13":{"start":{"line":31,"column":17},"end":{"line":31,"column":60}},"14":{"start":{"line":32,"column":21},"end":{"line":33,"column":null}},"15":{"start":{"line":36,"column":4},"end":{"line":36,"column":null}},"16":{"start":{"line":38,"column":50},"end":{"line":43,"column":4}},"17":{"start":{"line":39,"column":26},"end":{"line":39,"column":58}},"18":{"start":{"line":42,"column":4},"end":{"line":42,"column":null}},"19":{"start":{"line":47,"column":53},"end":{"line":65,"column":4}},"20":{"start":{"line":48,"column":21},"end":{"line":49,"column":null}},"21":{"start":{"line":51,"column":24},"end":{"line":51,"column":36}},"22":{"start":{"line":52,"column":22},"end":{"line":52,"column":55}},"23":{"start":{"line":54,"column":4},"end":{"line":64,"column":null}},"24":{"start":{"line":55,"column":22},"end":{"line":59,"column":8}},"25":{"start":{"line":61,"column":6},"end":{"line":61,"column":null}},"26":{"start":{"line":63,"column":6},"end":{"line":63,"column":null}},"27":{"start":{"line":66,"column":49},"end":{"line":70,"column":4}},"28":{"start":{"line":67,"column":26},"end":{"line":67,"column":58}},"29":{"start":{"line":69,"column":4},"end":{"line":69,"column":null}},"30":{"start":{"line":74,"column":52},"end":{"line":85,"column":4}},"31":{"start":{"line":75,"column":30},"end":{"line":75,"column":44}},"32":{"start":{"line":76,"column":20},"end":{"line":76,"column":74}},"33":{"start":{"line":78,"column":4},"end":{"line":82,"column":null}},"34":{"start":{"line":79,"column":6},"end":{"line":81,"column":null}},"35":{"start":{"line":84,"column":4},"end":{"line":84,"column":null}}},"fnMap":{"0":{"name":"(anonymous_0)","decl":{"start":{"line":11,"column":13},"end":{"line":11,"column":20}},"loc":{"start":{"line":11,"column":41},"end":{"line":26,"column":4}}},"1":{"name":"(anonymous_1)","decl":{"start":{"line":11,"column":41},"end":{"line":11,"column":null}},"loc":{"start":{"line":11,"column":41},"end":{"line":26,"column":3}}},"2":{"name":"(anonymous_2)","decl":{"start":{"line":19,"column":27},"end":{"line":19,"column":33}},"loc":{"start":{"line":19,"column":37},"end":{"line":19,"column":59}}},"3":{"name":"(anonymous_3)","decl":{"start":{"line":30,"column":12},"end":{"line":30,"column":19}},"loc":{"start":{"line":30,"column":40},"end":{"line":37,"column":4}}},"4":{"name":"(anonymous_4)","decl":{"start":{"line":30,"column":40},"end":{"line":30,"column":null}},"loc":{"start":{"line":30,"column":40},"end":{"line":37,"column":3}}},"5":{"name":"(anonymous_5)","decl":{"start":{"line":38,"column":28},"end":{"line":38,"column":35}},"loc":{"start":{"line":38,"column":50},"end":{"line":43,"column":4}}},"6":{"name":"(anonymous_6)","decl":{"start":{"line":38,"column":50},"end":{"line":38,"column":null}},"loc":{"start":{"line":38,"column":50},"end":{"line":43,"column":3}}},"7":{"name":"(anonymous_7)","decl":{"start":{"line":47,"column":25},"end":{"line":47,"column":32}},"loc":{"start":{"line":47,"column":53},"end":{"line":65,"column":4}}},"8":{"name":"(anonymous_8)","decl":{"start":{"line":47,"column":53},"end":{"line":47,"column":null}},"loc":{"start":{"line":47,"column":53},"end":{"line":65,"column":3}}},"9":{"name":"(anonymous_9)","decl":{"start":{"line":66,"column":27},"end":{"line":66,"column":34}},"loc":{"start":{"line":66,"column":49},"end":{"line":70,"column":4}}},"10":{"name":"(anonymous_10)","decl":{"start":{"line":66,"column":49},"end":{"line":66,"column":null}},"loc":{"start":{"line":66,"column":49},"end":{"line":70,"column":3}}},"11":{"name":"(anonymous_11)","decl":{"start":{"line":74,"column":24},"end":{"line":74,"column":31}},"loc":{"start":{"line":74,"column":52},"end":{"line":85,"column":4}}},"12":{"name":"(anonymous_12)","decl":{"start":{"line":74,"column":52},"end":{"line":74,"column":null}},"loc":{"start":{"line":74,"column":52},"end":{"line":85,"column":3}}}},"branchMap":{"0":{"loc":{"start":{"line":33,"column":13},"end":{"line":33,"column":33}},"type":"cond-expr","locations":[{"start":{"line":33,"column":13},"end":{"line":33,"column":33}},{"start":{"line":33,"column":36},"end":{"line":33,"column":45}}]},"1":{"loc":{"start":{"line":78,"column":4},"end":{"line":82,"column":null}},"type":"if","locations":[{"start":{"line":78,"column":4},"end":{"line":82,"column":null}},{"start":{"line":78,"column":4},"end":{"line":82,"column":null}}]}},"s":{"0":3,"1":3,"2":3,"3":3,"4":3,"5":3,"6":3,"7":3,"8":3,"9":4,"10":2,"11":1,"12":2,"13":2,"14":2,"15":2,"16":0,"17":0,"18":0,"19":1,"20":1,"21":1,"22":1,"23":1,"24":1,"25":1,"26":0,"27":0,"28":0,"29":0,"30":1,"31":1,"32":1,"33":1,"34":0,"35":1},"f":{"0":3,"1":3,"2":4,"3":2,"4":2,"5":0,"6":0,"7":1,"8":1,"9":0,"10":0,"11":1,"12":1},"b":{"0":[1,1],"1":[0,1]}}
,"/Users/pallavsoni/CMU/SEM-IR-App-Template-2023/server/src/routers/index.ts": {"path":"/Users/pallavsoni/CMU/SEM-IR-App-Template-2023/server/src/routers/index.ts","statementMap":{"0":{"start":{"line":1,"column":0},"end":{"line":1,"column":32}},"1":{"start":{"line":3,"column":0},"end":{"line":3,"column":25}},"2":{"start":{"line":4,"column":0},"end":{"line":4,"column":27}},"3":{"start":{"line":5,"column":0},"end":{"line":5,"column":31}},"4":{"start":{"line":7,"column":0},"end":{"line":10,"column":null}}},"fnMap":{},"branchMap":{},"s":{"0":3,"1":3,"2":3,"3":3,"4":3},"f":{},"b":{}}
,"/Users/pallavsoni/CMU/SEM-IR-App-Template-2023/server/src/routers/login.ts": {"path":"/Users/pallavsoni/CMU/SEM-IR-App-Template-2023/server/src/routers/login.ts","statementMap":{"0":{"start":{"line":1,"column":0},"end":{"line":1,"column":32}},"1":{"start":{"line":3,"column":0},"end":{"line":3,"column":58}},"2":{"start":{"line":5,"column":0},"end":{"line":19,"column":null}},"3":{"start":{"line":9,"column":41},"end":{"line":19,"column":4}},"4":{"start":{"line":10,"column":35},"end":{"line":10,"column":47}},"5":{"start":{"line":12,"column":4},"end":{"line":18,"column":null}},"6":{"start":{"line":13,"column":21},"end":{"line":13,"column":67}},"7":{"start":{"line":15,"column":6},"end":{"line":15,"column":null}},"8":{"start":{"line":17,"column":6},"end":{"line":17,"column":null}}},"fnMap":{"0":{"name":"(anonymous_0)","decl":{"start":{"line":9,"column":13},"end":{"line":9,"column":20}},"loc":{"start":{"line":9,"column":41},"end":{"line":19,"column":4}}},"1":{"name":"(anonymous_1)","decl":{"start":{"line":9,"column":41},"end":{"line":9,"column":null}},"loc":{"start":{"line":9,"column":41},"end":{"line":19,"column":3}}}},"branchMap":{},"s":{"0":3,"1":3,"2":3,"3":3,"4":3,"5":3,"6":3,"7":1,"8":2},"f":{"0":3,"1":3},"b":{}}
,"/Users/pallavsoni/CMU/SEM-IR-App-Template-2023/server/src/routers/user.ts": {"path":"/Users/pallavsoni/CMU/SEM-IR-App-Template-2023/server/src/routers/user.ts","statementMap":{"0":{"start":{"line":1,"column":0},"end":{"line":1,"column":32}},"1":{"start":{"line":3,"column":0},"end":{"line":3,"column":58}},"2":{"start":{"line":4,"column":0},"end":{"line":4,"column":34}},"3":{"start":{"line":6,"column":0},"end":{"line":34,"column":null}},"4":{"start":{"line":10,"column":41},"end":{"line":26,"column":4}},"5":{"start":{"line":11,"column":57},"end":{"line":11,"column":69}},"6":{"start":{"line":13,"column":4},"end":{"line":25,"column":null}},"7":{"start":{"line":14,"column":19},"end":{"line":16,"column":18}},"8":{"start":{"line":19,"column":6},"end":{"line":19,"column":null}},"9":{"start":{"line":20,"column":6},"end":{"line":20,"column":null}},"10":{"start":{"line":22,"column":6},"end":{"line":22,"column":null}},"11":{"start":{"line":24,"column":6},"end":{"line":24,"column":null}},"12":{"start":{"line":30,"column":34},"end":{"line":34,"column":4}},"13":{"start":{"line":31,"column":18},"end":{"line":31,"column":50}},"14":{"start":{"line":33,"column":4},"end":{"line":33,"column":null}}},"fnMap":{"0":{"name":"(anonymous_0)","decl":{"start":{"line":10,"column":13},"end":{"line":10,"column":20}},"loc":{"start":{"line":10,"column":41},"end":{"line":26,"column":4}}},"1":{"name":"(anonymous_1)","decl":{"start":{"line":10,"column":41},"end":{"line":10,"column":null}},"loc":{"start":{"line":10,"column":41},"end":{"line":26,"column":3}}},"2":{"name":"(anonymous_2)","decl":{"start":{"line":30,"column":12},"end":{"line":30,"column":19}},"loc":{"start":{"line":30,"column":34},"end":{"line":34,"column":4}}},"3":{"name":"(anonymous_3)","decl":{"start":{"line":30,"column":34},"end":{"line":30,"column":null}},"loc":{"start":{"line":30,"column":34},"end":{"line":34,"column":3}}}},"branchMap":{"0":{"loc":{"start":{"line":11,"column":39},"end":{"line":11,"column":52}},"type":"default-arg","locations":[{"start":{"line":11,"column":39},"end":{"line":11,"column":52}}]}},"s":{"0":3,"1":3,"2":3,"3":3,"4":2,"5":2,"6":2,"7":2,"8":1,"9":1,"10":1,"11":1,"12":1,"13":1,"14":1},"f":{"0":2,"1":2,"2":1,"3":1},"b":{"0":[0]}}
,"/Users/pallavsoni/CMU/SEM-IR-App-Template-2023/server/src/utils/Database.ts": {"path":"/Users/pallavsoni/CMU/SEM-IR-App-Template-2023/server/src/utils/Database.ts","statementMap":{"0":{"start":{"line":1,"column":0},"end":{"line":1,"column":31}},"1":{"start":{"line":5,"column":0},"end":{"line":5,"column":23}},"2":{"start":{"line":6,"column":0},"end":{"line":6,"column":26}},"3":{"start":{"line":7,"column":0},"end":{"line":7,"column":26}},"4":{"start":{"line":9,"column":13},"end":{"line":16,"column":null}},"5":{"start":{"line":11,"column":4},"end":{"line":16,"column":null}},"6":{"start":{"line":12,"column":2},"end":{"line":15,"column":null}},"7":{"start":{"line":18,"column":13},"end":{"line":20,"column":null}},"8":{"start":{"line":18,"column":32},"end":{"line":20,"column":null}},"9":{"start":{"line":19,"column":2},"end":{"line":19,"column":null}}},"fnMap":{"0":{"name":"(anonymous_0)","decl":{"start":{"line":9,"column":23},"end":{"line":9,"column":null}},"loc":{"start":{"line":11,"column":4},"end":{"line":16,"column":null}}},"1":{"name":"(anonymous_1)","decl":{"start":{"line":11,"column":4},"end":{"line":11,"column":null}},"loc":{"start":{"line":11,"column":4},"end":{"line":16,"column":1}}},"2":{"name":"(anonymous_2)","decl":{"start":{"line":18,"column":21},"end":{"line":18,"column":30}},"loc":{"start":{"line":18,"column":32},"end":{"line":20,"column":null}}},"3":{"name":"(anonymous_3)","decl":{"start":{"line":18,"column":32},"end":{"line":18,"column":null}},"loc":{"start":{"line":18,"column":32},"end":{"line":20,"column":1}}}},"branchMap":{"0":{"loc":{"start":{"line":10,"column":8},"end":{"line":10,"column":91}},"type":"default-arg","locations":[{"start":{"line":10,"column":8},"end":{"line":10,"column":91}}]}},"s":{"0":8,"1":8,"2":8,"3":8,"4":8,"5":8,"6":8,"7":8,"8":0,"9":0},"f":{"0":8,"1":8,"2":0,"3":0},"b":{"0":[0]}}
,"/Users/pallavsoni/CMU/SEM-IR-App-Template-2023/server/src/utils/Roles.ts": {"path":"/Users/pallavsoni/CMU/SEM-IR-App-Template-2023/server/src/utils/Roles.ts","statementMap":{"0":{"start":{"line":4,"column":0},"end":{"line":4,"column":null}},"1":{"start":{"line":5,"column":2},"end":{"line":5,"column":null}},"2":{"start":{"line":6,"column":2},"end":{"line":6,"column":null}},"3":{"start":{"line":7,"column":2},"end":{"line":7,"column":null}},"4":{"start":{"line":8,"column":2},"end":{"line":8,"column":null}},"5":{"start":{"line":9,"column":2},"end":{"line":9,"column":null}},"6":{"start":{"line":10,"column":2},"end":{"line":10,"column":null}},"7":{"start":{"line":13,"column":0},"end":{"line":13,"column":null}}},"fnMap":{"0":{"name":"(anonymous_0)","decl":{"start":{"line":4,"column":0},"end":{"line":4,"column":12}},"loc":{"start":{"line":4,"column":17},"end":{"line":11,"column":1}}}},"branchMap":{"0":{"loc":{"start":{"line":4,"column":12},"end":{"line":4,"column":17}},"type":"binary-expr","locations":[{"start":{"line":4,"column":12},"end":{"line":4,"column":17}},{"start":{"line":4,"column":12},"end":{"line":4,"column":null}}]}},"s":{"0":8,"1":8,"2":8,"3":8,"4":8,"5":8,"6":8,"7":8},"f":{"0":8},"b":{"0":[8,8]}}
,"/Users/pallavsoni/CMU/SEM-IR-App-Template-2023/server/src/utils/TestDatabase.ts": {"path":"/Users/pallavsoni/CMU/SEM-IR-App-Template-2023/server/src/utils/TestDatabase.ts","statementMap":{"0":{"start":{"line":1,"column":0},"end":{"line":1,"column":31}},"1":{"start":{"line":3,"column":0},"end":{"line":3,"column":38}},"2":{"start":{"line":5,"column":13},"end":{"line":13,"column":null}},"3":{"start":{"line":5,"column":34},"end":{"line":13,"column":null}},"4":{"start":{"line":8,"column":15},"end":{"line":8,"column":58}},"5":{"start":{"line":9,"column":17},"end":{"line":9,"column":51}},"6":{"start":{"line":10,"column":20},"end":{"line":10,"column":115}},"7":{"start":{"line":12,"column":2},"end":{"line":12,"column":null}},"8":{"start":{"line":15,"column":13},"end":{"line":18,"column":null}},"9":{"start":{"line":15,"column":32},"end":{"line":18,"column":null}},"10":{"start":{"line":16,"column":2},"end":{"line":16,"column":null}},"11":{"start":{"line":17,"column":2},"end":{"line":17,"column":null}}},"fnMap":{"0":{"name":"(anonymous_0)","decl":{"start":{"line":5,"column":23},"end":{"line":5,"column":32}},"loc":{"start":{"line":5,"column":34},"end":{"line":13,"column":null}}},"1":{"name":"(anonymous_1)","decl":{"start":{"line":5,"column":34},"end":{"line":5,"column":null}},"loc":{"start":{"line":5,"column":34},"end":{"line":13,"column":1}}},"2":{"name":"(anonymous_2)","decl":{"start":{"line":15,"column":21},"end":{"line":15,"column":30}},"loc":{"start":{"line":15,"column":32},"end":{"line":18,"column":null}}},"3":{"name":"(anonymous_3)","decl":{"start":{"line":15,"column":32},"end":{"line":15,"column":null}},"loc":{"start":{"line":15,"column":32},"end":{"line":18,"column":1}}}},"branchMap":{},"s":{"0":8,"1":8,"2":8,"3":8,"4":8,"5":8,"6":8,"7":8,"8":8,"9":8,"10":8,"11":0},"f":{"0":8,"1":8,"2":8,"3":8},"b":{}}
,"/Users/pallavsoni/CMU/SEM-IR-App-Template-2023/server/src/utils/Token.ts": {"path":"/Users/pallavsoni/CMU/SEM-IR-App-Template-2023/server/src/utils/Token.ts","statementMap":{"0":{"start":{"line":6,"column":13},"end":{"line":6,"column":null}},"1":{"start":{"line":6,"column":41},"end":{"line":6,"column":44}},"2":{"start":{"line":13,"column":13},"end":{"line":13,"column":null}},"3":{"start":{"line":13,"column":56},"end":{"line":13,"column":76}}},"fnMap":{"0":{"name":"(anonymous_0)","decl":{"start":{"line":6,"column":24},"end":{"line":6,"column":25}},"loc":{"start":{"line":6,"column":41},"end":{"line":6,"column":44}}},"1":{"name":"(anonymous_1)","decl":{"start":{"line":13,"column":24},"end":{"line":13,"column":25}},"loc":{"start":{"line":13,"column":56},"end":{"line":13,"column":76}}}},"branchMap":{"0":{"loc":{"start":{"line":13,"column":56},"end":{"line":13,"column":59}},"type":"binary-expr","locations":[{"start":{"line":13,"column":56},"end":{"line":13,"column":59}},{"start":{"line":13,"column":63},"end":{"line":13,"column":76}}]}},"s":{"0":6,"1":3,"2":6,"3":4},"f":{"0":3,"1":4},"b":{"0":[4,4]}}
,"/Users/pallavsoni/CMU/SEM-IR-App-Template-2023/server/src/utils/UserConnections.ts": {"path":"/Users/pallavsoni/CMU/SEM-IR-App-Template-2023/server/src/utils/UserConnections.ts","statementMap":{"0":{"start":{"line":3,"column":20},"end":{"line":3,"column":54}},"1":{"start":{"line":6,"column":2},"end":{"line":6,"column":null}},"2":{"start":{"line":6,"column":37},"end":{"line":6,"column":59}},"3":{"start":{"line":8,"column":2},"end":{"line":9,"column":null}},"4":{"start":{"line":9,"column":4},"end":{"line":9,"column":36}},"5":{"start":{"line":11,"column":2},"end":{"line":11,"column":null}},"6":{"start":{"line":11,"column":39},"end":{"line":11,"column":59}},"7":{"start":{"line":13,"column":2},"end":{"line":13,"column":null}},"8":{"start":{"line":13,"column":42},"end":{"line":13,"column":65}},"9":{"start":{"line":15,"column":2},"end":{"line":15,"column":null}},"10":{"start":{"line":15,"column":28},"end":{"line":15,"column":58}},"11":{"start":{"line":18,"column":0},"end":{"line":18,"column":null}}},"fnMap":{"0":{"name":"(anonymous_0)","decl":{"start":{"line":5,"column":0},"end":{"line":5,"column":6}},"loc":{"start":{"line":5,"column":0},"end":{"line":16,"column":1}}},"1":{"name":"(anonymous_1)","decl":{"start":{"line":6,"column":20},"end":{"line":6,"column":21}},"loc":{"start":{"line":6,"column":37},"end":{"line":6,"column":59}}},"2":{"name":"(anonymous_2)","decl":{"start":{"line":8,"column":22},"end":{"line":8,"column":23}},"loc":{"start":{"line":9,"column":4},"end":{"line":9,"column":36}}},"3":{"name":"(anonymous_3)","decl":{"start":{"line":11,"column":22},"end":{"line":11,"column":23}},"loc":{"start":{"line":11,"column":39},"end":{"line":11,"column":59}}},"4":{"name":"(anonymous_4)","decl":{"start":{"line":13,"column":25},"end":{"line":13,"column":26}},"loc":{"start":{"line":13,"column":42},"end":{"line":13,"column":65}}},"5":{"name":"(anonymous_5)","decl":{"start":{"line":15,"column":22},"end":{"line":15,"column":25}},"loc":{"start":{"line":15,"column":28},"end":{"line":15,"column":58}}}},"branchMap":{},"s":{"0":6,"1":6,"2":11,"3":6,"4":5,"5":6,"6":1,"7":6,"8":1,"9":6,"10":1,"11":6},"f":{"0":6,"1":11,"2":5,"3":1,"4":1,"5":1},"b":{}}
}
