TN:
SF:src/app.ts
FNF:0
FNH:0
DA:1,3
DA:2,3
DA:3,3
DA:5,3
DA:7,3
LF:5
LH:5
BRF:0
BRH:0
end_of_record
TN:
SF:src/controllers/ChannelController.ts
FN:8,(anonymous_0)
FN:9,(anonymous_1)
FN:9,(anonymous_2)
FN:15,(anonymous_3)
FN:19,(anonymous_4)
FN:19,(anonymous_5)
FN:45,(anonymous_6)
FN:45,(anonymous_7)
FN:66,(anonymous_8)
FN:66,(anonymous_9)
FN:74,(anonymous_10)
FN:82,(anonymous_11)
FN:103,(anonymous_12)
FN:117,(anonymous_13)
FN:117,(anonymous_14)
FNF:15
FNH:13
FNDA:4,(anonymous_0)
FNDA:6,(anonymous_1)
FNDA:6,(anonymous_2)
FNDA:4,(anonymous_3)
FNDA:8,(anonymous_4)
FNDA:8,(anonymous_5)
FNDA:4,(anonymous_6)
FNDA:4,(anonymous_7)
FNDA:2,(anonymous_8)
FNDA:2,(anonymous_9)
FNDA:2,(anonymous_10)
FNDA:2,(anonymous_11)
FNDA:5,(anonymous_12)
FNDA:0,(anonymous_13)
FNDA:0,(anonymous_14)
DA:3,4
DA:4,4
DA:5,4
DA:6,4
DA:9,6
DA:10,6
DA:11,2
DA:15,4
DA:16,4
DA:18,4
DA:19,8
DA:21,4
DA:28,4
DA:29,2
DA:31,2
DA:45,4
DA:46,4
DA:48,4
DA:49,2
DA:51,2
DA:52,2
DA:58,4
DA:66,4
DA:74,4
DA:82,2
DA:83,2
DA:84,2
DA:85,0
DA:88,2
DA:89,2
DA:90,0
DA:93,2
DA:99,2
DA:100,2
DA:103,2
DA:104,5
DA:106,3
DA:107,3
DA:109,1
DA:111,1
DA:114,2
DA:117,4
DA:119,0
DA:123,4
LF:44
LH:41
BRDA:10,0,0,2
BRDA:10,0,1,4
BRDA:28,1,0,2
BRDA:28,1,1,2
BRDA:48,2,0,2
BRDA:48,2,1,2
BRDA:51,3,0,2
BRDA:51,3,1,0
BRDA:84,4,0,0
BRDA:84,4,1,2
BRDA:89,5,0,0
BRDA:89,5,1,2
BRDA:104,6,0,2
BRDA:104,6,1,3
BRDA:107,7,0,2
BRDA:107,7,1,1
BRF:16
BRH:13
end_of_record
TN:
SF:src/controllers/UserController.ts
FN:8,(anonymous_0)
FN:31,(anonymous_2)
FN:55,(anonymous_4)
FN:58,(anonymous_6)
FNF:4
FNH:4
FNDA:12,(anonymous_0)
FNDA:6,(anonymous_2)
FNDA:4,(anonymous_4)
FNDA:6,(anonymous_6)
DA:1,5
DA:2,5
DA:3,5
DA:4,5
DA:5,5
DA:9,12
DA:11,12
DA:12,2
DA:14,10
DA:21,10
DA:23,10
DA:24,10
DA:28,10
DA:32,6
DA:37,6
DA:38,4
DA:40,4
DA:41,2
DA:49,4
DA:56,4
DA:58,6
DA:65,5
LF:22
LH:22
BRDA:8,0,0,8
BRDA:11,1,0,2
BRDA:11,1,1,10
BRDA:37,2,0,4
BRDA:37,2,1,2
BRDA:40,3,0,2
BRDA:40,3,1,2
BRF:7
BRH:7
end_of_record
TN:
SF:src/models/Channel.ts
FN:48,(anonymous_0)
FN:48,(anonymous_1)
FNF:2
FNH:2
FNDA:15,(anonymous_0)
FNDA:15,(anonymous_1)
DA:6,8
DA:7,8
DA:12,8
DA:24,8
DA:46,8
DA:48,15
DA:49,15
DA:51,15
DA:52,9
DA:54,6
DA:58,8
DA:63,8
LF:12
LH:12
BRDA:51,0,0,9
BRDA:51,0,1,6
BRF:2
BRH:2
end_of_record
TN:
SF:src/models/Message.ts
FNF:0
FNH:0
DA:1,8
DA:2,8
DA:13,8
DA:39,8
DA:41,8
LF:5
LH:5
BRF:0
BRH:0
end_of_record
TN:
SF:src/models/User.ts
FN:35,(anonymous_0)
FN:42,(anonymous_1)
FN:46,(anonymous_2)
FN:57,(anonymous_3)
FN:58,(anonymous_4)
FN:59,(anonymous_5)
FNF:6
FNH:6
FNDA:12,(anonymous_0)
FNDA:12,(anonymous_1)
FNDA:12,(anonymous_2)
FNDA:6,(anonymous_3)
FNDA:6,(anonymous_4)
FNDA:6,(anonymous_5)
DA:1,8
DA:2,8
DA:4,8
DA:6,8
DA:9,8
DA:19,8
DA:35,8
DA:36,12
DA:39,12
DA:42,12
DA:43,12
DA:46,12
DA:47,12
DA:50,12
DA:52,12
DA:57,8
DA:58,6
DA:59,6
DA:60,6
DA:61,0
DA:63,6
DA:69,8
LF:22
LH:21
BRDA:39,0,0,0
BRDA:39,0,1,12
BRDA:43,1,0,0
BRDA:43,1,1,12
BRDA:47,2,0,0
BRDA:47,2,1,12
BRDA:60,3,0,0
BRDA:60,3,1,6
BRF:8
BRH:4
end_of_record
TN:
SF:src/routers/channel.ts
FN:11,(anonymous_0)
FN:11,(anonymous_1)
FN:19,(anonymous_2)
FN:30,(anonymous_3)
FN:30,(anonymous_4)
FN:38,(anonymous_5)
FN:38,(anonymous_6)
FN:47,(anonymous_7)
FN:47,(anonymous_8)
FN:66,(anonymous_9)
FN:66,(anonymous_10)
FN:74,(anonymous_11)
FN:74,(anonymous_12)
FNF:13
FNH:9
FNDA:3,(anonymous_0)
FNDA:3,(anonymous_1)
FNDA:4,(anonymous_2)
FNDA:2,(anonymous_3)
FNDA:2,(anonymous_4)
FNDA:0,(anonymous_5)
FNDA:0,(anonymous_6)
FNDA:1,(anonymous_7)
FNDA:1,(anonymous_8)
FNDA:0,(anonymous_9)
FNDA:0,(anonymous_10)
FNDA:1,(anonymous_11)
FNDA:1,(anonymous_12)
DA:1,3
DA:2,3
DA:4,3
DA:5,3
DA:7,3
DA:11,3
DA:12,3
DA:16,3
DA:17,3
DA:19,4
DA:22,2
DA:24,1
DA:30,2
DA:31,2
DA:32,2
DA:36,2
DA:38,0
DA:39,0
DA:42,0
DA:47,1
DA:48,1
DA:51,1
DA:52,1
DA:54,1
DA:55,1
DA:61,1
DA:63,0
DA:66,0
DA:67,0
DA:69,0
DA:74,1
DA:75,1
DA:76,1
DA:78,1
DA:79,0
DA:84,1
LF:36
LH:28
BRDA:33,0,0,1
BRDA:33,0,1,1
BRDA:78,1,0,0
BRDA:78,1,1,1
BRF:4
BRH:3
end_of_record
TN:
SF:src/routers/index.ts
FNF:0
FNH:0
DA:1,3
DA:3,3
DA:4,3
DA:5,3
DA:7,3
LF:5
LH:5
BRF:0
BRH:0
end_of_record
TN:
SF:src/routers/login.ts
FN:9,(anonymous_0)
FN:9,(anonymous_1)
FNF:2
FNH:2
FNDA:3,(anonymous_0)
FNDA:3,(anonymous_1)
DA:1,3
DA:3,3
DA:5,3
DA:9,3
DA:10,3
DA:12,3
DA:13,3
DA:15,1
DA:17,2
LF:9
LH:9
BRF:0
BRH:0
end_of_record
TN:
SF:src/routers/user.ts
FN:10,(anonymous_0)
FN:10,(anonymous_1)
FN:30,(anonymous_2)
FN:30,(anonymous_3)
FNF:4
FNH:4
FNDA:2,(anonymous_0)
FNDA:2,(anonymous_1)
FNDA:1,(anonymous_2)
FNDA:1,(anonymous_3)
DA:1,3
DA:3,3
DA:4,3
DA:6,3
DA:10,2
DA:11,2
DA:13,2
DA:14,2
DA:19,1
DA:20,1
DA:22,1
DA:24,1
DA:30,1
DA:31,1
DA:33,1
LF:15
LH:15
BRDA:11,0,0,0
BRF:1
BRH:0
end_of_record
TN:
SF:src/utils/Database.ts
FN:9,(anonymous_0)
FN:11,(anonymous_1)
FN:18,(anonymous_2)
FN:18,(anonymous_3)
FNF:4
FNH:2
FNDA:8,(anonymous_0)
FNDA:8,(anonymous_1)
FNDA:0,(anonymous_2)
FNDA:0,(anonymous_3)
DA:1,8
DA:5,8
DA:6,8
DA:7,8
DA:9,8
DA:11,8
DA:12,8
DA:18,8
DA:19,0
LF:9
LH:8
BRDA:10,0,0,0
BRF:1
BRH:0
end_of_record
TN:
SF:src/utils/Roles.ts
FN:4,(anonymous_0)
FNF:1
FNH:1
FNDA:8,(anonymous_0)
DA:4,8
DA:5,8
DA:6,8
DA:7,8
DA:8,8
DA:9,8
DA:10,8
DA:13,8
LF:8
LH:8
BRDA:4,0,0,8
BRDA:4,0,1,8
BRF:2
BRH:2
end_of_record
TN:
SF:src/utils/TestDatabase.ts
FN:5,(anonymous_0)
FN:5,(anonymous_1)
FN:15,(anonymous_2)
FN:15,(anonymous_3)
FNF:4
FNH:4
FNDA:8,(anonymous_0)
FNDA:8,(anonymous_1)
FNDA:8,(anonymous_2)
FNDA:8,(anonymous_3)
DA:1,8
DA:3,8
DA:5,8
DA:8,8
DA:9,8
DA:10,8
DA:12,8
DA:15,8
DA:16,8
DA:17,0
LF:10
LH:9
BRF:0
BRH:0
end_of_record
TN:
SF:src/utils/Token.ts
FN:6,(anonymous_0)
FN:13,(anonymous_1)
FNF:2
FNH:2
FNDA:3,(anonymous_0)
FNDA:4,(anonymous_1)
DA:6,6
DA:13,6
LF:2
LH:2
BRDA:13,0,0,4
BRDA:13,0,1,4
BRF:2
BRH:2
end_of_record
TN:
SF:src/utils/UserConnections.ts
FN:5,(anonymous_0)
FN:6,(anonymous_1)
FN:8,(anonymous_2)
FN:11,(anonymous_3)
FN:13,(anonymous_4)
FN:15,(anonymous_5)
FNF:6
FNH:6
FNDA:6,(anonymous_0)
FNDA:11,(anonymous_1)
FNDA:5,(anonymous_2)
FNDA:1,(anonymous_3)
FNDA:1,(anonymous_4)
FNDA:1,(anonymous_5)
DA:3,6
DA:6,11
DA:8,6
DA:9,5
DA:11,6
DA:13,6
DA:15,6
DA:18,6
LF:8
LH:8
BRF:0
BRH:0
end_of_record
